13:51:49.764 [ERROR] [com.mogujie.ares.lib.net.MoguHttp] - 
org.apache.commons.httpclient.ConnectTimeoutException: The host did not accept the connection within timeout of 500 ms
	at org.apache.commons.httpclient.protocol.ReflectionSocketFactory.createSocket(ReflectionSocketFactory.java:155) ~[commons-httpclient-3.1.jar:na]
	at org.apache.commons.httpclient.protocol.DefaultProtocolSocketFactory.createSocket(DefaultProtocolSocketFactory.java:125) ~[commons-httpclient-3.1.jar:na]
	at org.apache.commons.httpclient.HttpConnection.open(HttpConnection.java:707) ~[commons-httpclient-3.1.jar:na]
	at org.apache.commons.httpclient.HttpMethodDirector.executeWithRetry(HttpMethodDirector.java:387) ~[commons-httpclient-3.1.jar:na]
	at org.apache.commons.httpclient.HttpMethodDirector.executeMethod(HttpMethodDirector.java:171) ~[commons-httpclient-3.1.jar:na]
	at org.apache.commons.httpclient.HttpClient.executeMethod(HttpClient.java:397) ~[commons-httpclient-3.1.jar:na]
	at org.apache.commons.httpclient.HttpClient.executeMethod(HttpClient.java:323) ~[commons-httpclient-3.1.jar:na]
	at com.mogujie.ares.lib.net.MoguHttp.uploadAudioByteFile(MoguHttp.java:203) ~[classes/:na]
	at com.mogujie.ares.lib.net.Test.main(Test.java:8) [classes/:na]
Caused by: java.net.SocketTimeoutException: connect timed out
	at java.net.PlainSocketImpl.socketConnect(Native Method) ~[na:1.6.0_65]
	at java.net.PlainSocketImpl.doConnect(PlainSocketImpl.java:382) ~[na:1.6.0_65]
	at java.net.PlainSocketImpl.connectToAddress(PlainSocketImpl.java:241) ~[na:1.6.0_65]
	at java.net.PlainSocketImpl.connect(PlainSocketImpl.java:228) ~[na:1.6.0_65]
	at java.net.SocksSocketImpl.connect(SocksSocketImpl.java:431) ~[na:1.6.0_65]
	at java.net.Socket.connect(Socket.java:527) ~[na:1.6.0_65]
	at sun.reflect.NativeMethodAccessorImpl.invoke0(Native Method) ~[na:1.6.0_65]
	at sun.reflect.NativeMethodAccessorImpl.invoke(NativeMethodAccessorImpl.java:39) ~[na:1.6.0_65]
	at sun.reflect.DelegatingMethodAccessorImpl.invoke(DelegatingMethodAccessorImpl.java:25) ~[na:1.6.0_65]
	at java.lang.reflect.Method.invoke(Method.java:597) ~[na:1.6.0_65]
	at org.apache.commons.httpclient.protocol.ReflectionSocketFactory.createSocket(ReflectionSocketFactory.java:140) ~[commons-httpclient-3.1.jar:na]
	... 8 common frames omitted
13:55:50.674 [ERROR] [com.mogujie.ares.lib.net.MoguHttp] - 
java.net.SocketException: Connection reset
	at java.net.SocketInputStream.read(SocketInputStream.java:168) ~[na:1.6.0_65]
	at java.io.BufferedInputStream.fill(BufferedInputStream.java:218) ~[na:1.6.0_65]
	at java.io.BufferedInputStream.read(BufferedInputStream.java:237) ~[na:1.6.0_65]
	at org.apache.commons.httpclient.HttpParser.readRawLine(HttpParser.java:78) ~[commons-httpclient-3.1.jar:na]
	at org.apache.commons.httpclient.HttpParser.readLine(HttpParser.java:106) ~[commons-httpclient-3.1.jar:na]
	at org.apache.commons.httpclient.HttpConnection.readLine(HttpConnection.java:1116) ~[commons-httpclient-3.1.jar:na]
	at org.apache.commons.httpclient.HttpMethodBase.readStatusLine(HttpMethodBase.java:1973) ~[commons-httpclient-3.1.jar:na]
	at org.apache.commons.httpclient.HttpMethodBase.readResponse(HttpMethodBase.java:1735) ~[commons-httpclient-3.1.jar:na]
	at org.apache.commons.httpclient.HttpMethodBase.execute(HttpMethodBase.java:1098) ~[commons-httpclient-3.1.jar:na]
	at org.apache.commons.httpclient.HttpMethodDirector.executeWithRetry(HttpMethodDirector.java:398) ~[commons-httpclient-3.1.jar:na]
	at org.apache.commons.httpclient.HttpMethodDirector.executeMethod(HttpMethodDirector.java:171) ~[commons-httpclient-3.1.jar:na]
	at org.apache.commons.httpclient.HttpClient.executeMethod(HttpClient.java:397) ~[commons-httpclient-3.1.jar:na]
	at org.apache.commons.httpclient.HttpClient.executeMethod(HttpClient.java:323) ~[commons-httpclient-3.1.jar:na]
	at com.mogujie.ares.lib.net.MoguHttp.uploadAudioByteFile(MoguHttp.java:203) ~[classes/:na]
	at com.mogujie.ares.lib.net.Test.main(Test.java:8) [classes/:na]
14:01:02.964 [ERROR] [com.mogujie.ares.lib.net.MoguHttp] - 
java.net.SocketException: Connection reset
	at java.net.SocketInputStream.read(SocketInputStream.java:168) ~[na:1.6.0_65]
	at java.io.BufferedInputStream.fill(BufferedInputStream.java:218) ~[na:1.6.0_65]
	at java.io.BufferedInputStream.read(BufferedInputStream.java:237) ~[na:1.6.0_65]
	at org.apache.commons.httpclient.HttpParser.readRawLine(HttpParser.java:78) ~[commons-httpclient-3.1.jar:na]
	at org.apache.commons.httpclient.HttpParser.readLine(HttpParser.java:106) ~[commons-httpclient-3.1.jar:na]
	at org.apache.commons.httpclient.HttpConnection.readLine(HttpConnection.java:1116) ~[commons-httpclient-3.1.jar:na]
	at org.apache.commons.httpclient.HttpMethodBase.readStatusLine(HttpMethodBase.java:1973) ~[commons-httpclient-3.1.jar:na]
	at org.apache.commons.httpclient.HttpMethodBase.readResponse(HttpMethodBase.java:1735) ~[commons-httpclient-3.1.jar:na]
	at org.apache.commons.httpclient.HttpMethodBase.execute(HttpMethodBase.java:1098) ~[commons-httpclient-3.1.jar:na]
	at org.apache.commons.httpclient.HttpMethodDirector.executeWithRetry(HttpMethodDirector.java:398) ~[commons-httpclient-3.1.jar:na]
	at org.apache.commons.httpclient.HttpMethodDirector.executeMethod(HttpMethodDirector.java:171) ~[commons-httpclient-3.1.jar:na]
	at org.apache.commons.httpclient.HttpClient.executeMethod(HttpClient.java:397) ~[commons-httpclient-3.1.jar:na]
	at org.apache.commons.httpclient.HttpClient.executeMethod(HttpClient.java:323) ~[commons-httpclient-3.1.jar:na]
	at com.mogujie.ares.lib.net.MoguHttp.uploadAudioByteFile(MoguHttp.java:203) ~[classes/:na]
	at com.mogujie.ares.lib.net.Test.main(Test.java:8) [classes/:na]
14:03:23.741 [ERROR] [com.mogujie.ares.lib.net.MoguHttp] - 
java.net.ConnectException: Connection refused
	at java.net.PlainSocketImpl.socketConnect(Native Method) ~[na:1.6.0_65]
	at java.net.PlainSocketImpl.doConnect(PlainSocketImpl.java:382) ~[na:1.6.0_65]
	at java.net.PlainSocketImpl.connectToAddress(PlainSocketImpl.java:241) ~[na:1.6.0_65]
	at java.net.PlainSocketImpl.connect(PlainSocketImpl.java:228) ~[na:1.6.0_65]
	at java.net.SocksSocketImpl.connect(SocksSocketImpl.java:431) ~[na:1.6.0_65]
	at java.net.Socket.connect(Socket.java:527) ~[na:1.6.0_65]
	at sun.reflect.NativeMethodAccessorImpl.invoke0(Native Method) ~[na:1.6.0_65]
	at sun.reflect.NativeMethodAccessorImpl.invoke(NativeMethodAccessorImpl.java:39) ~[na:1.6.0_65]
	at sun.reflect.DelegatingMethodAccessorImpl.invoke(DelegatingMethodAccessorImpl.java:25) ~[na:1.6.0_65]
	at java.lang.reflect.Method.invoke(Method.java:597) ~[na:1.6.0_65]
	at org.apache.commons.httpclient.protocol.ReflectionSocketFactory.createSocket(ReflectionSocketFactory.java:140) ~[commons-httpclient-3.1.jar:na]
	at org.apache.commons.httpclient.protocol.DefaultProtocolSocketFactory.createSocket(DefaultProtocolSocketFactory.java:125) ~[commons-httpclient-3.1.jar:na]
	at org.apache.commons.httpclient.HttpConnection.open(HttpConnection.java:707) ~[commons-httpclient-3.1.jar:na]
	at org.apache.commons.httpclient.HttpMethodDirector.executeWithRetry(HttpMethodDirector.java:387) ~[commons-httpclient-3.1.jar:na]
	at org.apache.commons.httpclient.HttpMethodDirector.executeMethod(HttpMethodDirector.java:171) ~[commons-httpclient-3.1.jar:na]
	at org.apache.commons.httpclient.HttpClient.executeMethod(HttpClient.java:397) ~[commons-httpclient-3.1.jar:na]
	at org.apache.commons.httpclient.HttpClient.executeMethod(HttpClient.java:323) ~[commons-httpclient-3.1.jar:na]
	at com.mogujie.ares.lib.net.MoguHttp.uploadAudioByteFile(MoguHttp.java:201) ~[classes/:na]
	at com.mogujie.ares.lib.net.Test.main(Test.java:8) [classes/:na]
14:03:27.994 [ERROR] [org.apache.commons.httpclient.methods.multipart.MultipartRequestEntity] - An exception occurred while getting the length of the parts
java.lang.NullPointerException: null
	at org.apache.commons.httpclient.methods.multipart.Part.getLengthOfParts(Part.java:425) ~[commons-httpclient-3.1.jar:na]
	at org.apache.commons.httpclient.methods.multipart.MultipartRequestEntity.getContentLength(MultipartRequestEntity.java:172) ~[commons-httpclient-3.1.jar:na]
	at org.apache.commons.httpclient.methods.EntityEnclosingMethod.getRequestContentLength(EntityEnclosingMethod.java:336) [commons-httpclient-3.1.jar:na]
	at org.apache.commons.httpclient.methods.EntityEnclosingMethod.addContentLengthRequestHeader(EntityEnclosingMethod.java:406) [commons-httpclient-3.1.jar:na]
	at org.apache.commons.httpclient.methods.EntityEnclosingMethod.addRequestHeaders(EntityEnclosingMethod.java:374) [commons-httpclient-3.1.jar:na]
	at org.apache.commons.httpclient.HttpMethodBase.writeRequestHeaders(HttpMethodBase.java:2177) [commons-httpclient-3.1.jar:na]
	at org.apache.commons.httpclient.HttpMethodBase.writeRequest(HttpMethodBase.java:2060) [commons-httpclient-3.1.jar:na]
	at org.apache.commons.httpclient.HttpMethodBase.execute(HttpMethodBase.java:1096) [commons-httpclient-3.1.jar:na]
	at org.apache.commons.httpclient.HttpMethodDirector.executeWithRetry(HttpMethodDirector.java:398) [commons-httpclient-3.1.jar:na]
	at org.apache.commons.httpclient.HttpMethodDirector.executeMethod(HttpMethodDirector.java:171) [commons-httpclient-3.1.jar:na]
	at org.apache.commons.httpclient.HttpClient.executeMethod(HttpClient.java:397) [commons-httpclient-3.1.jar:na]
	at org.apache.commons.httpclient.HttpClient.executeMethod(HttpClient.java:323) [commons-httpclient-3.1.jar:na]
	at com.mogujie.ares.lib.net.MoguHttp.uploadAudioByteFile(MoguHttp.java:197) [classes/:na]
	at com.mogujie.ares.lib.net.Test.main(Test.java:8) [classes/:na]
14:03:27.997 [ERROR] [org.apache.commons.httpclient.methods.multipart.MultipartRequestEntity] - An exception occurred while getting the length of the parts
java.lang.NullPointerException: null
	at org.apache.commons.httpclient.methods.multipart.Part.getLengthOfParts(Part.java:425) ~[commons-httpclient-3.1.jar:na]
	at org.apache.commons.httpclient.methods.multipart.MultipartRequestEntity.getContentLength(MultipartRequestEntity.java:172) ~[commons-httpclient-3.1.jar:na]
	at org.apache.commons.httpclient.methods.EntityEnclosingMethod.getRequestContentLength(EntityEnclosingMethod.java:336) [commons-httpclient-3.1.jar:na]
	at org.apache.commons.httpclient.methods.EntityEnclosingMethod.writeRequestBody(EntityEnclosingMethod.java:484) [commons-httpclient-3.1.jar:na]
	at org.apache.commons.httpclient.HttpMethodBase.writeRequest(HttpMethodBase.java:2114) [commons-httpclient-3.1.jar:na]
	at org.apache.commons.httpclient.HttpMethodBase.execute(HttpMethodBase.java:1096) [commons-httpclient-3.1.jar:na]
	at org.apache.commons.httpclient.HttpMethodDirector.executeWithRetry(HttpMethodDirector.java:398) [commons-httpclient-3.1.jar:na]
	at org.apache.commons.httpclient.HttpMethodDirector.executeMethod(HttpMethodDirector.java:171) [commons-httpclient-3.1.jar:na]
	at org.apache.commons.httpclient.HttpClient.executeMethod(HttpClient.java:397) [commons-httpclient-3.1.jar:na]
	at org.apache.commons.httpclient.HttpClient.executeMethod(HttpClient.java:323) [commons-httpclient-3.1.jar:na]
	at com.mogujie.ares.lib.net.MoguHttp.uploadAudioByteFile(MoguHttp.java:197) [classes/:na]
	at com.mogujie.ares.lib.net.Test.main(Test.java:8) [classes/:na]
14:03:28.000 [ERROR] [com.mogujie.ares.lib.net.MoguHttp] - 
java.lang.NullPointerException: null
	at org.apache.commons.httpclient.methods.multipart.Part.sendParts(Part.java:384) ~[commons-httpclient-3.1.jar:na]
	at org.apache.commons.httpclient.methods.multipart.MultipartRequestEntity.writeRequest(MultipartRequestEntity.java:164) ~[commons-httpclient-3.1.jar:na]
	at org.apache.commons.httpclient.methods.EntityEnclosingMethod.writeRequestBody(EntityEnclosingMethod.java:499) ~[commons-httpclient-3.1.jar:na]
	at org.apache.commons.httpclient.HttpMethodBase.writeRequest(HttpMethodBase.java:2114) ~[commons-httpclient-3.1.jar:na]
	at org.apache.commons.httpclient.HttpMethodBase.execute(HttpMethodBase.java:1096) ~[commons-httpclient-3.1.jar:na]
	at org.apache.commons.httpclient.HttpMethodDirector.executeWithRetry(HttpMethodDirector.java:398) ~[commons-httpclient-3.1.jar:na]
	at org.apache.commons.httpclient.HttpMethodDirector.executeMethod(HttpMethodDirector.java:171) ~[commons-httpclient-3.1.jar:na]
	at org.apache.commons.httpclient.HttpClient.executeMethod(HttpClient.java:397) ~[commons-httpclient-3.1.jar:na]
	at org.apache.commons.httpclient.HttpClient.executeMethod(HttpClient.java:323) ~[commons-httpclient-3.1.jar:na]
	at com.mogujie.ares.lib.net.MoguHttp.uploadAudioByteFile(MoguHttp.java:197) ~[classes/:na]
	at com.mogujie.ares.lib.net.Test.main(Test.java:8) [classes/:na]
14:17:04.928 [ERROR] [com.mogujie.ares.lib.net.MoguHttp] - 
java.net.SocketException: Connection reset
	at java.net.SocketInputStream.read(SocketInputStream.java:168) ~[na:1.6.0_65]
	at java.io.BufferedInputStream.fill(BufferedInputStream.java:218) ~[na:1.6.0_65]
	at java.io.BufferedInputStream.read(BufferedInputStream.java:237) ~[na:1.6.0_65]
	at org.apache.commons.httpclient.HttpParser.readRawLine(HttpParser.java:78) ~[commons-httpclient-3.1.jar:na]
	at org.apache.commons.httpclient.HttpParser.readLine(HttpParser.java:106) ~[commons-httpclient-3.1.jar:na]
	at org.apache.commons.httpclient.HttpConnection.readLine(HttpConnection.java:1116) ~[commons-httpclient-3.1.jar:na]
	at org.apache.commons.httpclient.HttpMethodBase.readStatusLine(HttpMethodBase.java:1973) ~[commons-httpclient-3.1.jar:na]
	at org.apache.commons.httpclient.HttpMethodBase.readResponse(HttpMethodBase.java:1735) ~[commons-httpclient-3.1.jar:na]
	at org.apache.commons.httpclient.HttpMethodBase.execute(HttpMethodBase.java:1098) ~[commons-httpclient-3.1.jar:na]
	at org.apache.commons.httpclient.HttpMethodDirector.executeWithRetry(HttpMethodDirector.java:398) ~[commons-httpclient-3.1.jar:na]
	at org.apache.commons.httpclient.HttpMethodDirector.executeMethod(HttpMethodDirector.java:171) ~[commons-httpclient-3.1.jar:na]
	at org.apache.commons.httpclient.HttpClient.executeMethod(HttpClient.java:397) ~[commons-httpclient-3.1.jar:na]
	at org.apache.commons.httpclient.HttpClient.executeMethod(HttpClient.java:323) ~[commons-httpclient-3.1.jar:na]
	at com.mogujie.ares.lib.net.MoguHttp.uploadAudioByteFile(MoguHttp.java:197) ~[classes/:na]
	at com.mogujie.ares.lib.net.Test.main(Test.java:8) [classes/:na]
14:17:04.981 [ERROR] [com.mogujie.ares.lib.net.MoguHttp] - 
java.net.ConnectException: Connection refused
	at java.net.PlainSocketImpl.socketConnect(Native Method) ~[na:1.6.0_65]
	at java.net.PlainSocketImpl.doConnect(PlainSocketImpl.java:382) ~[na:1.6.0_65]
	at java.net.PlainSocketImpl.connectToAddress(PlainSocketImpl.java:241) ~[na:1.6.0_65]
	at java.net.PlainSocketImpl.connect(PlainSocketImpl.java:228) ~[na:1.6.0_65]
	at java.net.SocksSocketImpl.connect(SocksSocketImpl.java:431) ~[na:1.6.0_65]
	at java.net.Socket.connect(Socket.java:527) ~[na:1.6.0_65]
	at sun.reflect.NativeMethodAccessorImpl.invoke0(Native Method) ~[na:1.6.0_65]
	at sun.reflect.NativeMethodAccessorImpl.invoke(NativeMethodAccessorImpl.java:39) ~[na:1.6.0_65]
	at sun.reflect.DelegatingMethodAccessorImpl.invoke(DelegatingMethodAccessorImpl.java:25) ~[na:1.6.0_65]
	at java.lang.reflect.Method.invoke(Method.java:597) ~[na:1.6.0_65]
	at org.apache.commons.httpclient.protocol.ReflectionSocketFactory.createSocket(ReflectionSocketFactory.java:140) ~[commons-httpclient-3.1.jar:na]
	at org.apache.commons.httpclient.protocol.DefaultProtocolSocketFactory.createSocket(DefaultProtocolSocketFactory.java:125) ~[commons-httpclient-3.1.jar:na]
	at org.apache.commons.httpclient.HttpConnection.open(HttpConnection.java:707) ~[commons-httpclient-3.1.jar:na]
	at org.apache.commons.httpclient.HttpMethodDirector.executeWithRetry(HttpMethodDirector.java:387) ~[commons-httpclient-3.1.jar:na]
	at org.apache.commons.httpclient.HttpMethodDirector.executeMethod(HttpMethodDirector.java:171) ~[commons-httpclient-3.1.jar:na]
	at org.apache.commons.httpclient.HttpClient.executeMethod(HttpClient.java:397) ~[commons-httpclient-3.1.jar:na]
	at org.apache.commons.httpclient.HttpClient.executeMethod(HttpClient.java:323) ~[commons-httpclient-3.1.jar:na]
	at com.mogujie.ares.lib.net.MoguHttp.uploadAudioByteFile(MoguHttp.java:197) ~[classes/:na]
	at com.mogujie.ares.lib.net.Test.main(Test.java:8) [classes/:na]
14:18:29.470 [ERROR] [com.mogujie.ares.lib.net.MoguHttp] - 
java.lang.ClassCastException: java.lang.Integer cannot be cast to java.lang.String
	at com.mogujie.ares.lib.net.MoguHttp.uploadAudioByteFile(MoguHttp.java:203) ~[classes/:na]
	at com.mogujie.ares.lib.net.Test.main(Test.java:8) [classes/:na]
14:27:27.991 [ERROR] [com.mogujie.ares.lib.net.MoguHttp] - 
java.net.SocketException: Connection reset
	at java.net.SocketInputStream.read(SocketInputStream.java:168) ~[na:1.6.0_65]
	at java.io.BufferedInputStream.fill(BufferedInputStream.java:218) ~[na:1.6.0_65]
	at java.io.BufferedInputStream.read(BufferedInputStream.java:237) ~[na:1.6.0_65]
	at org.apache.commons.httpclient.HttpParser.readRawLine(HttpParser.java:78) ~[commons-httpclient-3.1.jar:na]
	at org.apache.commons.httpclient.HttpParser.readLine(HttpParser.java:106) ~[commons-httpclient-3.1.jar:na]
	at org.apache.commons.httpclient.HttpConnection.readLine(HttpConnection.java:1116) ~[commons-httpclient-3.1.jar:na]
	at org.apache.commons.httpclient.HttpMethodBase.readStatusLine(HttpMethodBase.java:1973) ~[commons-httpclient-3.1.jar:na]
	at org.apache.commons.httpclient.HttpMethodBase.readResponse(HttpMethodBase.java:1735) ~[commons-httpclient-3.1.jar:na]
	at org.apache.commons.httpclient.HttpMethodBase.execute(HttpMethodBase.java:1098) ~[commons-httpclient-3.1.jar:na]
	at org.apache.commons.httpclient.HttpMethodDirector.executeWithRetry(HttpMethodDirector.java:398) ~[commons-httpclient-3.1.jar:na]
	at org.apache.commons.httpclient.HttpMethodDirector.executeMethod(HttpMethodDirector.java:171) ~[commons-httpclient-3.1.jar:na]
	at org.apache.commons.httpclient.HttpClient.executeMethod(HttpClient.java:397) ~[commons-httpclient-3.1.jar:na]
	at org.apache.commons.httpclient.HttpClient.executeMethod(HttpClient.java:323) ~[commons-httpclient-3.1.jar:na]
	at com.mogujie.ares.lib.net.MoguHttp.uploadAudioByteFile(MoguHttp.java:198) ~[classes/:na]
	at com.mogujie.ares.lib.net.Test.main(Test.java:8) [classes/:na]
14:32:27.280 [ERROR] [com.mogujie.ares.lib.net.MoguHttp] - 
java.net.SocketException: Connection reset
	at java.net.SocketInputStream.read(SocketInputStream.java:168) ~[na:1.6.0_65]
	at java.io.BufferedInputStream.fill(BufferedInputStream.java:218) ~[na:1.6.0_65]
	at java.io.BufferedInputStream.read(BufferedInputStream.java:237) ~[na:1.6.0_65]
	at org.apache.commons.httpclient.HttpParser.readRawLine(HttpParser.java:78) ~[commons-httpclient-3.1.jar:na]
	at org.apache.commons.httpclient.HttpParser.readLine(HttpParser.java:106) ~[commons-httpclient-3.1.jar:na]
	at org.apache.commons.httpclient.HttpConnection.readLine(HttpConnection.java:1116) ~[commons-httpclient-3.1.jar:na]
	at org.apache.commons.httpclient.HttpMethodBase.readStatusLine(HttpMethodBase.java:1973) ~[commons-httpclient-3.1.jar:na]
	at org.apache.commons.httpclient.HttpMethodBase.readResponse(HttpMethodBase.java:1735) ~[commons-httpclient-3.1.jar:na]
	at org.apache.commons.httpclient.HttpMethodBase.execute(HttpMethodBase.java:1098) ~[commons-httpclient-3.1.jar:na]
	at org.apache.commons.httpclient.HttpMethodDirector.executeWithRetry(HttpMethodDirector.java:398) ~[commons-httpclient-3.1.jar:na]
	at org.apache.commons.httpclient.HttpMethodDirector.executeMethod(HttpMethodDirector.java:171) ~[commons-httpclient-3.1.jar:na]
	at org.apache.commons.httpclient.HttpClient.executeMethod(HttpClient.java:397) ~[commons-httpclient-3.1.jar:na]
	at org.apache.commons.httpclient.HttpClient.executeMethod(HttpClient.java:323) ~[commons-httpclient-3.1.jar:na]
	at com.mogujie.ares.lib.net.MoguHttp.uploadAudioByteFile(MoguHttp.java:198) ~[classes/:na]
	at com.mogujie.ares.lib.net.Test.main(Test.java:8) [classes/:na]
14:43:19.405 [ERROR] [com.mogujie.ares.lib.net.MoguHttp] - 
java.net.SocketException: Connection reset
	at java.net.SocketInputStream.read(SocketInputStream.java:168) ~[na:1.6.0_65]
	at java.io.BufferedInputStream.fill(BufferedInputStream.java:218) ~[na:1.6.0_65]
	at java.io.BufferedInputStream.read(BufferedInputStream.java:237) ~[na:1.6.0_65]
	at org.apache.commons.httpclient.HttpParser.readRawLine(HttpParser.java:78) ~[commons-httpclient-3.1.jar:na]
	at org.apache.commons.httpclient.HttpParser.readLine(HttpParser.java:106) ~[commons-httpclient-3.1.jar:na]
	at org.apache.commons.httpclient.HttpConnection.readLine(HttpConnection.java:1116) ~[commons-httpclient-3.1.jar:na]
	at org.apache.commons.httpclient.HttpMethodBase.readStatusLine(HttpMethodBase.java:1973) ~[commons-httpclient-3.1.jar:na]
	at org.apache.commons.httpclient.HttpMethodBase.readResponse(HttpMethodBase.java:1735) ~[commons-httpclient-3.1.jar:na]
	at org.apache.commons.httpclient.HttpMethodBase.execute(HttpMethodBase.java:1098) ~[commons-httpclient-3.1.jar:na]
	at org.apache.commons.httpclient.HttpMethodDirector.executeWithRetry(HttpMethodDirector.java:398) ~[commons-httpclient-3.1.jar:na]
	at org.apache.commons.httpclient.HttpMethodDirector.executeMethod(HttpMethodDirector.java:171) ~[commons-httpclient-3.1.jar:na]
	at org.apache.commons.httpclient.HttpClient.executeMethod(HttpClient.java:397) ~[commons-httpclient-3.1.jar:na]
	at org.apache.commons.httpclient.HttpClient.executeMethod(HttpClient.java:323) ~[commons-httpclient-3.1.jar:na]
	at com.mogujie.ares.lib.net.MoguHttp.uploadAudioByteFile(MoguHttp.java:198) ~[classes/:na]
	at com.mogujie.ares.lib.net.Test.main(Test.java:8) [classes/:na]
14:44:05.664 [ERROR] [com.mogujie.ares.lib.net.MoguHttp] - 
java.lang.ClassCastException: java.lang.Integer cannot be cast to java.lang.String
	at com.mogujie.ares.lib.net.MoguHttp.uploadAudioByteFile(MoguHttp.java:205) ~[classes/:na]
	at com.mogujie.ares.lib.net.Test.main(Test.java:8) [classes/:na]
14:54:11.026 [ERROR] [com.mogujie.ares.lib.net.MoguHttp] - 
java.lang.ClassCastException: java.lang.Integer cannot be cast to java.lang.String
	at com.mogujie.ares.lib.net.MoguHttp.uploadAudioByteFile(MoguHttp.java:206) ~[classes/:na]
	at com.mogujie.ares.lib.net.Test.main(Test.java:8) [classes/:na]
